2025-07-07 09:17:35,579 - INFO - Анализ влияния размера ядра свертки
2025-07-07 09:17:36,973 - INFO - Обучение модели: CNN_Kernel_3x3
2025-07-07 09:17:36,974 - INFO - Параметры: 50,186
2025-07-07 09:20:25,931 - INFO - Обучение модели: CNN_Kernel_5x5
2025-07-07 09:20:25,932 - INFO - Параметры: 40,170
2025-07-07 09:24:05,683 - INFO - Обучение модели: CNN_Kernel_7x7
2025-07-07 09:24:05,683 - INFO - Параметры: 29,988
2025-07-07 09:26:35,812 - INFO - Результаты анализа размера ядра
+----------------+-------------------+-------------+
| Модель         | Точность (Тест)   | Параметры   |
+================+===================+=============+
| CNN_Kernel_3x3 | 98.8800%          | 50,186      |
+----------------+-------------------+-------------+
| CNN_Kernel_5x5 | 99.0500%          | 40,170      |
+----------------+-------------------+-------------+
| CNN_Kernel_7x7 | 99.0600%          | 29,988      |
+----------------+-------------------+-------------+
2025-07-07 09:26:36,080 - INFO - Анализ влияния глубины сети 
2025-07-07 09:26:39,137 - INFO - Обучение модели: Shallow_2-layer
2025-07-07 09:26:39,138 - INFO - Параметры: 157,962
2025-07-07 09:30:28,132 - INFO - Обучение модели: Medium_4-layer
2025-07-07 09:30:28,132 - INFO - Параметры: 342,858
2025-07-07 09:36:01,443 - INFO - Обучение модели: Deep_6-layer
2025-07-07 09:36:01,443 - INFO - Параметры: 1,188,170
2025-07-07 09:41:39,559 - INFO - Обучение модели: Deep_With_Residuals
2025-07-07 09:41:39,560 - INFO - Параметры: 11,173,962
