2025-07-07 03:01:17,123 - INFO - Сравнение моделей на MNIST
2025-07-07 03:01:18,087 - INFO - Обучение модели: FC_MNIST
2025-07-07 03:01:18,088 - INFO - Параметры: 567,434
2025-07-07 03:03:18,463 - INFO - Обучение модели: SimpleCNN
2025-07-07 03:03:18,463 - INFO - Параметры: 421,642
2025-07-07 03:05:25,150 - INFO - Обучение модели: ModelWithBasicBlocks
2025-07-07 03:05:25,151 - INFO - Параметры: 11,172,810
2025-07-07 03:09:17,744 - INFO - Результаты сравнения на MNIST
+----------------------+------------+-------------+------------------------+
| Модель (MNIST)       | Точность   | Параметры   |   Время обучения (сек) |
+======================+============+=============+========================+
| FC_MNIST             | 97.1900%   | 567,434     |                 119.69 |
+----------------------+------------+-------------+------------------------+
| SimpleCNN            | 99.2000%   | 421,642     |                 126.21 |
+----------------------+------------+-------------+------------------------+
| ModelWithBasicBlocks | 98.5800%   | 11,172,810  |                 232.16 |
+----------------------+------------+-------------+------------------------+
2025-07-07 03:09:18,256 - INFO - Сравнение моделей на CIFAR-10
2025-07-07 03:09:21,539 - INFO - Обучение модели: FC_CIFAR
2025-07-07 03:09:21,540 - INFO - Количество параметров: 9,050,378
2025-07-07 03:12:49,392 - INFO - Обучение модели: ModelWithBasicBlocks
2025-07-07 03:12:49,393 - INFO - Количество параметров: 11,173,962
2025-07-07 03:20:28,387 - INFO - Обучение модели: ModelWithRegularization
2025-07-07 03:20:28,387 - INFO - Количество параметров: 11,173,962
2025-07-07 03:28:09,196 - INFO - Результаты сравнения на CIFAR-10
+-------------------------+------------+-----------------------+-------------+------------------------+
| Модель (CIFAR-10)       | Точность   | Разрыв (Train-Test)   | Параметры   |   Время обучения (сек) |
+=========================+============+=======================+=============+========================+
| FC_CIFAR                | 36.2200%   | -4.5880%              | 9,050,378   |                 207.41 |
+-------------------------+------------+-----------------------+-------------+------------------------+
| ModelWithBasicBlocks    | 84.0000%   | 12.9660%              | 11,173,962  |                 458.24 |
+-------------------------+------------+-----------------------+-------------+------------------------+
| ModelWithRegularization | 83.4900%   | 12.7320%              | 11,173,962  |                 460.4  |
+-------------------------+------------+-----------------------+-------------+------------------------+
2025-07-07 03:28:09,674 - INFO - Построение матрицы ошибок для лучшей модели: ModelWithBasicBlocks
2025-07-07 03:28:14,199 - INFO - Матрица ошибок сохранена.
