2025-07-07 03:34:29,314 - INFO - Проверка кастомных слоев
2025-07-07 03:34:29,315 - INFO - Размер входного тензора: torch.Size([4, 16, 32, 32])
2025-07-07 03:34:29,321 - INFO - Swish: torch.Size([4, 16, 32, 32])
2025-07-07 03:34:29,324 - INFO - Attention: torch.Size([4, 16, 32, 32])
2025-07-07 03:34:29,329 - INFO - GatedConv2d: torch.Size([4, 32, 32, 32])
2025-07-07 03:34:29,332 - INFO - L2Pool2d: torch.Size([4, 16, 16, 16])
2025-07-07 03:34:29,332 - INFO - Кастомные слои работают корректно.
2025-07-07 03:34:29,333 - INFO - Сравнение различных Residual блоков
2025-07-07 03:34:34,181 - INFO - Модель: ModelWithBasicBlocks
2025-07-07 03:34:34,181 - INFO - Количество параметров: 11,173,962
2025-07-07 03:42:03,738 - INFO - Модель: ModelWithBottleneckBlocks
2025-07-07 03:42:03,739 - INFO - Количество параметров: 13,958,986
2025-07-07 03:54:15,132 - INFO - Результаты сравнения Residual блоков
+---------------------------+------------+-------------+------------------+
| Модель                    | Точность   | Параметры   |   Время обучения |
+===========================+============+=============+==================+
| ModelWithBasicBlocks      | 84.6400%   | 11,173,962  |           449.52 |
+---------------------------+------------+-------------+------------------+
| ModelWithBottleneckBlocks | 80.5000%   | 13,958,986  |           731.39 |
+---------------------------+------------+-------------+------------------+
2025-07-07 03:54:15,487 - INFO - Сравнение блоков завершено
